-------------------------------------------------------------------------------
Test set: WumpusTest
-------------------------------------------------------------------------------
Tests run: 1, Failures: 1, Errors: 0, Skipped: 0, Time elapsed: 0.313 s <<< FAILURE! - in WumpusTest
WumpusTest.validateNumberOfArrowsOnGameInit  Time elapsed: 0.266 s  <<< FAILURE!
org.opentest4j.AssertionFailedError: expected: <5> but was: <0>
	at WumpusTest.validateNumberOfArrowsOnGameInit(WumpusTest.java:23)

